[2020-01-05 11:15:54.579] ,23.07,37.47,102.65,0,1,0,0
[2020-01-05 11:15:55.602] ,23.09,37.44,102.64,0,1,0,0
[2020-01-05 11:15:56.610] ,23.07,37.56,102.65,0,1,0,0
[2020-01-05 11:15:57.618] ,23.11,37.46,102.64,0,1,0,0
[2020-01-05 11:15:58.643] ,23.07,37.48,102.64,0,1,0,0
[2020-01-05 11:15:59.645] ,23.05,37.42,102.64,0,1,0,0
[2020-01-05 11:16:00.654] ,23.09,37.41,102.65,0,1,0,0
[2020-01-05 11:16:01.672] ,23.05,37.38,102.65,0,1,0,0
[2020-01-05 11:16:02.683] ,23.09,37.45,102.65,0,1,0,0
[2020-01-05 11:16:03.703] ,23.09,37.36,102.64,0,1,0,0
[2020-01-05 11:16:04.698] ,23.07,37.38,102.65,0,1,0,0
[2020-01-05 11:16:05.717] ,23.05,37.32,102.65,0,1,0,0

[2020-01-11 16:09:17.043] ,29.03,46.72,100.06,0,9,4,3
[2020-01-11 16:09:17.059] ,29.02,46.88,100.05,251,31,17,13
[2020-01-11 16:09:17.059] ,28.96,46.23,100.05,251,31,17,13
[2020-01-11 16:09:17.059] ,29.02,45.57,100.05,252,20,13,10
[2020-01-11 16:09:17.059] ,29.02,44.91,100.05,252,20,13,10
[2020-01-11 16:09:17.059] ,29.02,44.16,100.05,250,18,11,10
[2020-01-11 16:09:17.059] ,29.02,43.57,100.05,250,18,11,10
[2020-01-11 16:09:17.059] ,29.00,42.75,100.05,251,20,12,10
[2020-01-11 16:09:17.059] ,29.02,42.07,100.05,251,20,12,10
[2020-01-11 16:09:17.059] ,29.03,41.59,100.05,251,20,12,10
[2020-01-11 16:09:17.059] ,29.03,41.07,100.05,251,20,12,10
[2020-01-11 16:09:17.059] ,29.03,40.39,100.05,249,21,13,11
[2020-01-11 16:09:17.059] ,29.02,40.05,100.05,249,21,13,11
[2020-01-11 16:09:17.676] ,29.03,39.54,100.06,251,29,16,12
[2020-01-11 16:09:18.684] ,29.03,39.24,100.05,251,29,16,12
[2020-01-11 16:09:19.698] ,29.03,38.95,100.06,0,10,5,4
[2020-01-11 16:09:20.715] ,29.11,40.44,100.06,0,10,5,4
[2020-01-11 16:09:21.722] ,29.15,42.43,100.06,0,9,4,3
[2020-01-11 16:09:22.733] ,29.15,42.87,100.06,0,9,4,3
[2020-01-11 16:09:25.715] ,29.17,43.97,100.06,238,10,7,6
[2020-01-11 16:09:25.717] ,29.13,43.82,100.06,238,10,7,6
[2020-01-11 16:09:25.772] ,29.07,43.16,100.05,241,11,7,6
[2020-01-11 16:09:26.785] ,29.11,42.48,100.06,241,11,7,6
[2020-01-11 16:09:27.797] ,29.05,41.72,100.05,242,11,8,6
[2020-01-11 16:09:28.808] ,29.11,41.06,100.05,242,11,8,6
[2020-01-11 16:09:29.821] ,29.09,40.61,100.06,243,12,8,7
[2020-01-11 16:09:38.803] ,29.11,40.73,100.05,243,12,8,7
[2020-01-11 16:09:38.805] ,29.13,40.32,100.05,253,23,13,9
[2020-01-11 16:09:38.805] ,29.13,39.82,100.06,253,23,13,9
[2020-01-11 16:09:38.805] ,29.07,39.19,100.05,253,15,8,6
[2020-01-11 16:09:38.805] ,29.02,38.61,100.05,253,15,8,6
[2020-01-11 16:09:38.805] ,29.05,38.01,100.05,252,19,10,7
[2020-01-11 16:09:38.805] ,29.02,37.57,100.05,252,19,10,7
[2020-01-11 16:09:38.805] ,29.05,37.06,100.05,251,21,11,8
[2020-01-11 16:09:38.970] ,29.03,36.76,100.06,251,21,11,8
[2020-01-11 16:09:39.949] ,29.03,36.62,100.05,253,24,13,9

[2020-01-11 16:09:58.277] ,29.02,36.25,100.05,253,24,13,10
[2020-01-11 16:09:58.291] ,29.02,36.05,100.05,252,24,13,10
[2020-01-11 16:09:58.291] ,29.02,35.91,100.05,252,24,13,10
[2020-01-11 16:09:58.291] ,29.00,35.69,100.06,250,24,13,10
[2020-01-11 16:09:58.291] ,29.00,35.51,100.06,250,24,13,10
[2020-01-11 16:09:58.291] ,29.03,35.26,100.05,253,27,16,12
[2020-01-11 16:09:58.291] ,29.02,34.97,100.06,253,27,16,12
[2020-01-11 16:09:58.291] ,28.98,34.65,100.05,252,27,17,12
[2020-01-11 16:09:58.291] ,29.05,34.38,100.05,252,27,17,12
[2020-01-11 16:09:58.291] ,29.03,34.12,100.05,252,23,15,12
[2020-01-11 16:09:58.291] ,29.05,33.86,100.06,252,23,15,12
[2020-01-11 16:09:58.291] ,29.05,33.69,100.05,250,21,14,12
[2020-01-11 16:09:58.291] ,29.05,33.56,100.05,250,21,14,12
[2020-01-11 16:09:58.291] ,29.03,33.25,100.06,248,20,12,10
[2020-01-11 16:09:58.291] ,29.05,33.29,100.05,248,20,12,10
[2020-01-11 16:09:58.291] ,29.09,33.31,100.05,249,20,12,9
[2020-01-11 16:09:59.187] ,29.03,33.40,100.06,249,20,12,9
[2020-01-11 16:10:00.199] ,29.07,33.46,100.06,0,9,4,3
[2020-01-11 16:10:01.209] ,29.15,33.68,100.06,0,9,4,3
[2020-01-11 16:10:02.227] ,29.13,33.92,100.05,0,8,4,3
[2020-01-11 16:10:03.234] ,29.26,36.71,100.06,0,8,4,3
[2020-01-11 16:10:04.248] ,29.26,38.96,100.06,0,8,4,3
[2020-01-11 16:10:05.260] ,29.19,39.22,100.05,0,8,4,3
[2020-01-11 16:10:06.278] ,29.19,39.56,100.06,0,8,4,3
[2020-01-11 16:10:07.283] ,29.37,41.94,100.06,0,8,4,3
[2020-01-11 16:10:08.299] ,29.37,43.48,100.06,0,8,4,3
[2020-01-11 16:10:09.310] ,29.28,43.85,100.05,0,8,4,3
[2020-01-11 16:10:10.326] ,29.37,45.28,100.06,0,9,5,3
[2020-01-11 16:10:11.334] ,29.37,46.77,100.06,0,9,5,3
[2020-01-11 16:10:12.352] ,29.34,47.45,100.06,0,9,5,3
[2020-01-11 16:10:13.360] ,29.32,47.17,100.05,0,9,5,3
[2020-01-11 16:10:14.373] ,29.32,47.23,100.06,0,9,5,3
[2020-01-11 16:10:15.387] ,29.35,48.34,100.06,0,9,5,3
[2020-01-11 16:10:16.398] ,29.32,48.88,100.06,0,9,5,3
[2020-01-11 16:10:17.413] ,29.34,48.47,100.05,0,9,5,3
[2020-01-11 16:10:18.423] ,29.32,48.05,100.05,0,9,5,4
[2020-01-11 16:10:19.433] ,29.34,48.91,100.06,0,9,5,4
[2020-01-11 16:10:20.448] ,29.35,49.83,100.06,0,9,5,4
[2020-01-11 16:10:21.459] ,29.34,49.65,100.06,0,9,5,4
[2020-01-11 16:10:22.476] ,29.37,49.22,100.06,0,9,5,4
[2020-01-11 16:10:23.485] ,29.37,50.35,100.06,0,9,5,4
[2020-01-11 16:10:24.499] ,29.34,51.29,100.06,0,9,5,4
[2020-01-11 16:10:25.513] ,29.34,51.43,100.05,0,9,5,4
[2020-01-11 16:10:26.523] ,29.35,50.99,100.05,0,9,5,3
[2020-01-11 16:10:27.535] ,29.41,51.83,100.06,0,9,5,3
[2020-01-11 16:10:28.548] ,29.41,52.78,100.06,0,9,4,3
[2020-01-11 16:10:29.561] ,29.39,52.71,100.05,0,9,4,3
[2020-01-11 16:10:30.575] ,29.39,52.41,100.05,0,7,3,3
[2020-01-11 16:10:31.586] ,29.41,53.14,100.06,0,7,3,3
[2020-01-11 16:10:32.599] ,29.37,52.40,100.05,0,7,3,3
[2020-01-11 16:10:33.615] ,29.37,52.24,100.05,0,7,3,3
[2020-01-11 16:10:34.624] ,29.41,53.10,100.05,0,7,3,2
[2020-01-11 16:10:35.636] ,29.43,53.47,100.05,0,7,3,2
[2020-01-11 16:10:36.651] ,29.37,52.61,100.05,0,8,3,3
[2020-01-11 16:10:37.661] ,29.47,52.93,100.05,0,8,3,3
[2020-01-11 16:10:38.676] ,29.43,53.42,100.05,0,7,3,3
[2020-01-11 16:10:39.689] ,29.43,52.64,100.05,0,7,3,3
[2020-01-11 16:10:40.705] ,29.45,52.40,100.06,0,8,3,3
[2020-01-11 16:10:41.716] ,29.47,53.15,100.06,0,8,3,3
[2020-01-11 16:10:42.727] ,29.49,53.63,100.05,0,9,4,3
[2020-01-11 16:10:43.740] ,29.49,54.13,100.05,0,9,4,3
[2020-01-11 16:10:44.751] ,29.47,53.26,100.05,0,8,3,3
[2020-01-11 16:10:45.764] ,29.47,52.69,100.05,0,8,3,3
[2020-01-11 16:10:46.782] ,29.45,51.70,100.05,0,8,3,3
[2020-01-11 16:10:47.792] ,29.47,51.11,100.04,0,8,3,3
[2020-01-11 16:10:48.802] ,29.49,49.96,100.05,0,8,4,3
[2020-01-11 16:10:49.814] ,29.45,49.14,100.05,0,8,4,3
[2020-01-11 16:10:50.829] ,29.49,48.82,100.05,0,8,3,3
[2020-01-11 16:10:51.843] ,29.49,48.10,100.05,0,8,3,3
[2020-01-11 16:10:52.856] ,29.49,47.32,100.05,0,9,4,3
[2020-01-11 16:10:53.870] ,29.50,47.04,100.05,0,9,4,3
[2020-01-11 16:10:54.879] ,29.49,46.47,100.05,0,8,4,3
[2020-01-11 16:10:55.894] ,29.47,45.68,100.05,0,8,4,3
[2020-01-11 16:10:56.904] ,29.50,45.04,100.05,0,9,4,3
[2020-01-11 16:10:57.918] ,29.50,44.44,100.05,0,9,4,3
[2020-01-11 16:10:58.932] ,29.49,43.98,100.05,0,8,4,3
[2020-01-11 16:10:59.942] ,29.49,43.52,100.04,0,8,4,3
[2020-01-11 16:11:00.957] ,29.45,42.93,100.05,0,9,4,3
[2020-01-11 16:11:01.969] ,29.50,42.55,100.05,0,9,4,3
[2020-01-11 16:11:02.983] ,29.49,42.20,100.04,0,9,4,3
[2020-01-11 16:11:03.992] ,29.47,41.89,100.05,0,9,4,3
[2020-01-11 16:11:05.007] ,29.50,41.46,100.04,0,9,4,3
[2020-01-11 16:11:06.018] ,29.45,40.90,100.04,0,9,4,3
[2020-01-11 16:11:07.030] ,29.49,40.45,100.05,0,9,4,3
[2020-01-11 16:11:08.041] ,29.39,40.96,100.05,0,9,4,3
[2020-01-11 16:11:09.056] ,29.49,40.91,100.05,0,9,4,3
[2020-01-11 16:11:10.067] ,29.49,40.71,100.05,0,9,4,3
[2020-01-11 16:11:11.082] ,29.47,41.31,100.05,0,9,4,3
[2020-01-11 16:11:12.091] ,29.50,41.03,100.05,0,9,4,3
[2020-01-11 16:11:13.106] ,29.45,40.58,100.05,0,9,4,3
[2020-01-11 16:11:14.120] ,29.47,39.89,100.04,0,9,4,3
[2020-01-11 16:11:15.136] ,29.43,39.64,100.05,0,9,4,3
[2020-01-11 16:11:16.142] ,29.45,39.66,100.05,0,9,4,3
[2020-01-11 16:11:17.158] ,29.41,39.09,100.04,0,9,4,3
[2020-01-11 16:11:18.170] ,29.49,38.68,100.04,0,9,4,3
[2020-01-11 16:11:19.184] ,29.45,38.03,100.04,0,8,3,3
[2020-01-11 16:11:20.193] ,29.45,39.03,100.05,0,8,3,3
[2020-01-11 16:11:21.207] ,29.41,38.94,100.04,0,8,3,3
[2020-01-11 16:11:22.217] ,29.43,38.63,100.05,0,8,3,3
[2020-01-11 16:11:23.231] ,29.45,38.17,100.05,0,9,3,3
[2020-01-11 16:11:24.243] ,29.41,39.09,100.05,0,9,3,3
[2020-01-11 16:11:25.258] ,29.43,39.54,100.05,0,8,3,3
[2020-01-11 16:11:26.269] ,29.45,39.08,100.04,0,8,3,3
[2020-01-11 16:11:27.282] ,29.43,38.70,100.05,0,8,3,3
[2020-01-11 16:11:28.293] ,29.43,39.22,100.05,0,8,3,3
[2020-01-11 16:11:29.306] ,29.39,38.73,100.05,0,8,3,3
[2020-01-11 16:11:30.319] ,29.43,38.36,100.05,0,8,3,3
[2020-01-11 16:11:35.103] ,29.39,38.51,100.05,0,8,4,3
[2020-01-11 16:11:35.103] ,29.39,38.36,100.04,0,8,4,3
[2020-01-11 16:11:35.103] ,29.37,37.85,100.04,252,36,31,17
[2020-01-11 16:11:35.103] ,29.37,37.58,100.05,252,36,31,17
[2020-01-11 16:11:35.389] ,29.32,37.05,100.05,250,35,18,12
[2020-01-11 16:11:36.395] ,29.30,36.72,100.04,250,35,18,12
[2020-01-11 16:11:37.414] ,29.32,36.84,100.05,0,1,0,0
[2020-01-11 16:11:38.425] ,29.37,37.00,100.05,0,1,0,0
[2020-01-11 16:11:39.434] ,29.37,37.20,100.05,0,2,1,0
[2020-01-11 16:11:40.448] ,29.39,37.29,100.05,0,2,1,0
[2020-01-11 16:11:41.462] ,29.32,36.90,100.04,253,90,53,44
[2020-01-11 16:11:50.688] ,29.28,36.37,100.04,253,90,53,44
[2020-01-11 16:11:50.695] ,29.28,35.97,100.05,254,33,17,12
[2020-01-11 16:11:50.695] ,29.24,35.50,100.05,254,33,17,12
[2020-01-11 16:11:50.695] ,29.30,35.12,100.04,252,33,18,13
[2020-01-11 16:11:50.695] ,29.28,34.71,100.05,252,33,18,13
[2020-01-11 16:11:50.695] ,29.28,34.43,100.05,253,33,18,13
[2020-01-11 16:11:50.695] ,29.26,34.04,100.05,253,33,18,13
[2020-01-11 16:11:50.695] ,29.26,33.80,100.05,252,33,18,13
[2020-01-11 16:11:50.695] ,29.22,33.58,100.04,252,33,18,13
[2020-01-11 16:11:51.585] ,29.24,33.26,100.05,253,33,18,13
[2020-01-11 16:11:52.598] ,29.26,33.06,100.04,253,33,18,13
[2020-01-11 16:11:53.610] ,29.22,32.79,100.04,253,34,19,14
[2020-01-11 16:11:54.623] ,29.26,32.65,100.04,253,34,19,14
